<?xml version="1.0" encoding="UTF-8"?>
<!-- Generated by org.testng.reporters.JUnitReportReporter -->
<testsuite hostname="DESKTOP-MO9OVGV" failures="0" tests="1" name="testcases.LoginTest" time="2.210" errors="0" timestamp="2023-02-26T15:27:39 GMT" skipped="0">
  <testcase classname="testcases.LoginTest" name="verifyUserLandToLoginPageTest" time="2.210"/>
  <system-out/>
</testsuite> <!-- testcases.LoginTest -->
