<?xml version="1.0" encoding="UTF-8"?>
<!-- Generated by org.testng.reporters.JUnitReportReporter -->
<testsuite skipped="0" hostname="Mukeshs-MacBook-Air-2.local" name="testcases.LoginTest" tests="3" failures="0" timestamp="2023-02-21T12:04:39 IST" time="19.962" errors="0">
  <testcase name="verifyTitle" time="0.158" classname="testcases.LoginTest"/>
  <system-out/>
  <testcase name="verifySocialMediaPresense" time="0.701" classname="testcases.LoginTest"/>
  <system-out/>
  <testcase name="loginToApplication" time="19.103" classname="testcases.LoginTest"/>
  <system-out/>
</testsuite> <!-- testcases.LoginTest -->
